TN:
SF:engine\adjustmentModel.ts
FN:50,calcMagnitudeCm
FN:77,getSeverity
FNF:2
FNH:2
FNDA:49,calcMagnitudeCm
FNDA:29,getSeverity
DA:27,2
DA:54,49
DA:55,46
DA:56,46
DA:78,29
DA:79,29
DA:80,23
DA:81,6
DA:109,2
LF:9
LH:9
BRDA:54,0,0,3
BRDA:54,0,1,46
BRDA:79,1,0,6
BRDA:79,1,1,23
BRDA:80,2,0,17
BRDA:80,2,1,6
BRF:6
BRH:6
end_of_record
TN:
SF:engine\angleCalculation.ts
FN:33,vectorAngle
FN:76,computeFrameAngles
FN:77,(anonymous_2)
FN:78,(anonymous_3)
FN:82,(anonymous_4)
FN:83,(anonymous_5)
FN:84,(anonymous_6)
FN:178,getNorm
FN:209,buildRecommendations
FN:211,(anonymous_9)
FN:212,(anonymous_10)
FN:268,buildJointSummaries
FN:277,(anonymous_12)
FN:278,(anonymous_13)
FN:284,(anonymous_14)
FNF:15
FNH:15
FNDA:33,vectorAngle
FNDA:10,computeFrameAngles
FNDA:60,(anonymous_2)
FNDA:225,(anonymous_3)
FNDA:20,(anonymous_4)
FNDA:120,(anonymous_5)
FNDA:555,(anonymous_6)
FNDA:23,getNorm
FNDA:21,buildRecommendations
FNDA:23,(anonymous_9)
FNDA:21,(anonymous_10)
FNDA:12,buildJointSummaries
FNDA:80,(anonymous_12)
FNDA:80,(anonymous_13)
FNDA:19,(anonymous_14)
DA:38,33
DA:39,33
DA:40,33
DA:41,33
DA:42,33
DA:43,33
DA:44,25
DA:54,1
DA:57,1
DA:77,10
DA:78,225
DA:79,60
DA:82,10
DA:83,20
DA:84,555
DA:85,120
DA:88,10
DA:90,10
DA:91,10
DA:92,10
DA:93,10
DA:94,10
DA:95,10
DA:97,10
DA:142,1
DA:182,23
DA:186,1
DA:210,21
DA:211,23
DA:213,21
DA:215,21
DA:217,21
DA:218,7
DA:229,14
DA:230,21
DA:231,21
DA:232,21
DA:233,21
DA:234,21
DA:236,21
DA:240,21
DA:272,12
DA:273,12
DA:275,12
DA:276,48
DA:277,80
DA:278,80
DA:280,48
DA:282,10
DA:283,10
DA:284,19
DA:285,10
DA:286,10
DA:288,10
DA:300,12
LF:55
LH:55
BRDA:43,0,0,8
BRDA:43,0,1,25
BRDA:43,1,0,33
BRDA:43,1,1,29
BRDA:79,2,0,53
BRDA:79,2,1,7
BRDA:79,3,0,60
BRDA:79,3,1,54
BRDA:79,4,0,54
BRDA:79,4,1,0
BRDA:85,5,0,120
BRDA:85,5,1,54
BRDA:88,6,0,9
BRDA:88,6,1,1
BRDA:98,7,0,8
BRDA:98,7,1,2
BRDA:98,8,0,10
BRDA:98,8,1,8
BRDA:98,8,2,8
BRDA:99,9,0,8
BRDA:99,9,1,2
BRDA:99,10,0,10
BRDA:99,10,1,9
BRDA:99,10,2,8
BRDA:100,11,0,8
BRDA:100,11,1,2
BRDA:100,12,0,10
BRDA:100,12,1,9
BRDA:100,12,2,9
BRDA:101,13,0,9
BRDA:101,13,1,1
BRDA:101,14,0,10
BRDA:101,14,1,9
BRDA:101,14,2,9
BRDA:213,15,0,21
BRDA:213,15,1,1
BRDA:215,16,0,8
BRDA:215,16,1,13
BRDA:215,17,0,6
BRDA:215,17,1,7
BRDA:217,18,0,7
BRDA:217,18,1,14
BRDA:229,19,0,8
BRDA:229,19,1,6
BRDA:231,20,0,21
BRDA:231,20,1,0
BRDA:232,21,0,21
BRDA:232,21,1,0
BRDA:236,22,0,2
BRDA:236,22,1,12
BRDA:278,23,0,80
BRDA:278,23,1,19
BRDA:280,24,0,38
BRDA:280,24,1,10
BRDA:286,25,0,0
BRDA:286,25,1,10
BRF:56
BRH:52
end_of_record
